  ColaArray.cpp
  Defensa.cpp
  EjerciciosArboles.cpp
  EjerciciosComienzo.cpp
  EjerciciosListas.cpp
  FuncAux.cpp
  FuncAux_s.cpp
  ManejadorSalidaPrueba.cpp
  Principal.cpp
  Pruebas.cpp
  PruebasArboles.cpp
  PruebasAuxArboles.cpp
  PruebasAuxComienzo.cpp
  PruebasAuxDefensa.cpp
  PruebasAuxListas.cpp
  PruebasComienzo.cpp
  PruebasDefensa.cpp
  PruebasListas.cpp
  PruebasPropias.cpp
  Generando código...
  aFramework.vcxproj -> C:\Users\nicolasm\Desktop\2020s1_Ejercicios1\Debug\aFramework.exe
