c:\users\nicolasm\documents\github\algoritmos\solution\debug\vc142.pdb
c:\users\nicolasm\documents\github\algoritmos\solution\debug\vc142.idb
c:\users\nicolasm\documents\github\algoritmos\solution\debug\pruebaspropias.obj
c:\users\nicolasm\documents\github\algoritmos\solution\debug\pruebaslistas.obj
c:\users\nicolasm\documents\github\algoritmos\solution\debug\pruebasdefensa.obj
c:\users\nicolasm\documents\github\algoritmos\solution\debug\pruebascomienzo.obj
c:\users\nicolasm\documents\github\algoritmos\solution\debug\pruebasauxlistas.obj
c:\users\nicolasm\documents\github\algoritmos\solution\debug\pruebasauxdefensa.obj
c:\users\nicolasm\documents\github\algoritmos\solution\debug\pruebasauxcomienzo.obj
c:\users\nicolasm\documents\github\algoritmos\solution\debug\pruebasauxarboles.obj
c:\users\nicolasm\documents\github\algoritmos\solution\debug\pruebasarboles.obj
c:\users\nicolasm\documents\github\algoritmos\solution\debug\pruebas.obj
c:\users\nicolasm\documents\github\algoritmos\solution\debug\principal.obj
c:\users\nicolasm\documents\github\algoritmos\solution\debug\manejadorsalidaprueba.obj
c:\users\nicolasm\documents\github\algoritmos\solution\debug\funcaux_s.obj
c:\users\nicolasm\documents\github\algoritmos\solution\debug\funcaux.obj
c:\users\nicolasm\documents\github\algoritmos\solution\debug\ejercicioslistas.obj
c:\users\nicolasm\documents\github\algoritmos\solution\debug\ejercicioscomienzo.obj
c:\users\nicolasm\documents\github\algoritmos\solution\debug\ejerciciosarboles.obj
c:\users\nicolasm\documents\github\algoritmos\solution\debug\defensa.obj
c:\users\nicolasm\documents\github\algoritmos\solution\debug\colaarray.obj
c:\users\nicolasm\documents\github\algoritmos\solution\debug\aframework.exe
c:\users\nicolasm\documents\github\algoritmos\solution\debug\aframework.ilk
c:\users\nicolasm\documents\github\algoritmos\solution\debug\aframework.pdb
c:\users\nicolasm\documents\github\algoritmos\solution\debug\aframework.tlog\cl.command.1.tlog
c:\users\nicolasm\documents\github\algoritmos\solution\debug\aframework.tlog\cl.read.1.tlog
c:\users\nicolasm\documents\github\algoritmos\solution\debug\aframework.tlog\cl.write.1.tlog
c:\users\nicolasm\documents\github\algoritmos\solution\debug\aframework.tlog\link.command.1.tlog
c:\users\nicolasm\documents\github\algoritmos\solution\debug\aframework.tlog\link.read.1.tlog
c:\users\nicolasm\documents\github\algoritmos\solution\debug\aframework.tlog\link.write.1.tlog
